2023-07-10 14:31:35 error: "/api/v1/testing route not found"
2023-07-10 14:31:46 error: "/api/v1/testing route not found"
2023-07-10 14:34:02 error: "log is not defined"
2023-07-10 14:35:55 error: "Converting circular structure to JSON\n    --> starting at object with constructor 'Socket'\n    |     property 'parser' -> object with constructor 'HTTPParser'\n    --- property 'socket' closes the circle"
2023-07-10 15:26:14 error: "Error: topic_mqtt_receive is not defined"
2023-07-10 16:04:30 error: "Error: log is not defined"
2023-07-10 16:04:44 error: "Error: log is not defined"
2023-07-10 16:25:27 error: "Error: Event.create is not a function"
2023-07-10 16:25:57 error: "Error: Operation `events.insertOne()` buffering timed out after 10000ms"
2023-07-10 16:26:57 error: "Error: Operation `events.insertOne()` buffering timed out after 10000ms"
2023-07-10 16:29:53 error: "Error: Operation `events.insertMany()` buffering timed out after 10000ms"
2023-07-10 16:31:13 error: "Error: Operation `events.insertOne()` buffering timed out after 10000ms"
2023-07-10 16:37:37 error: "Error: Operation `tests.insertOne()` buffering timed out after 10000ms"
2023-07-10 16:40:03 error: "Error: Operation `testmodels.insertOne()` buffering timed out after 10000ms"
2023-07-10 16:41:43 error: "Error: Operation `testmodels.insertOne()` buffering timed out after 10000ms"
2023-07-10 16:43:07 error: "Error: Operation `testmodels.insertOne()` buffering timed out after 10000ms"
2023-07-10 16:43:27 error: "Error: Operation `testmodels.insertOne()` buffering timed out after 10000ms"
2023-07-10 16:44:07 error: "Error: Operation `testmodels.insertOne()` buffering timed out after 10000ms"
2023-07-10 16:46:37 error: "Error: Operation `testmodels.insertOne()` buffering timed out after 10000ms"
2023-07-10 16:47:47 error: "Error: Operation `testmodels.insertOne()` buffering timed out after 10000ms"
2023-07-10 16:48:42 error: "Error: Operation `testmodels.insertOne()` buffering timed out after 10000ms"
2023-07-10 16:51:04 error: "Error: logger is not defined"
2023-07-10 16:51:07 error: "Error: logger is not defined"
2023-07-10 16:51:42 error: "Error: Operation `testmodels.insertOne()` buffering timed out after 10000ms"
2023-07-10 16:53:48 error: "Error: Operation `testmodels.insertOne()` buffering timed out after 10000ms"
2023-07-10 16:54:12 error: "Error: Operation `testmodels.insertOne()` buffering timed out after 10000ms"
2023-07-10 16:59:58 error: "Error: testModel is not defined"
2023-07-10 17:04:37 error: "/api/v1/getdata route not found"
2023-07-10 17:06:31 error: "data is not defined"
2023-07-10 17:06:37 error: "data is not defined"
2023-07-10 17:13:19 error: "Events.find(...).soret is not a function"
2023-07-10 17:14:15 error: "Events.find(...).soret is not a function"
2023-07-10 17:19:20 error: "Class constructor APIFilters cannot be invoked without 'new'"
2023-07-10 17:19:29 error: "(intermediate value).filters is not a function"
2023-07-10 17:19:50 error: "(intermediate value).filters is not a function"
2023-07-10 17:20:00 error: "(intermediate value).filters is not a function"
2023-07-10 17:20:07 error: "Converting circular structure to JSON\n    --> starting at object with constructor 'MongoClient'\n    |     property 's' -> object with constructor 'Object'\n    |     property 'sessionPool' -> object with constructor 'ServerSessionPool'\n    --- property 'client' closes the circle"
2023-07-10 17:30:47 error: "message is not defined"
2023-07-10 17:36:08 error: "Error: Unexpected end of JSON input"
2023-07-10 17:49:20 error: "Error: querySrv ENODATA _mongodb._tcp.cluster1.5wsxllu.mongodb.net"
2023-07-10 17:49:36 error: "Error: querySrv ENODATA _mongodb._tcp.cluster1.5wsxllu.mongodb.net"
2023-07-10 18:49:47 error: "Error: Unexpected token M in JSON at position 0"
2023-07-10 18:50:21 error: "Error: Unexpected token M in JSON at position 0"
2023-07-10 18:52:41 error: "Error: Unexpected token M in JSON at position 0"
2023-07-10 18:53:22 error: "Error: Unexpected token M in JSON at position 0"
2023-07-10 18:53:43 error: "Error: querySrv ENODATA _mongodb._tcp.cluster1.5wsxllu.mongodb.net"
2023-07-10 20:22:57 error: "Error: Unexpected end of JSON input"
2023-07-10 20:42:47 error: "Error: Unexpected end of JSON input"
2023-07-10 21:20:57 error: "Error: client.public is not a function"
2023-07-10 22:45:08 error: "Error: topic_ws_send is not defined"
2023-07-10 22:47:16 error: "Error: topic_ws_send is not defined"
2023-07-10 22:47:24 error: "Error: topic_ws_send is not defined"
2023-07-10 23:26:03 error: "mqttService.senddata is not a function"
2023-07-11 10:08:47 error: "Error: Operation `events.insertOne()` buffering timed out after 10000ms"
2023-07-11 10:09:19 error: "Error: Operation `events.insertOne()` buffering timed out after 10000ms"
2023-07-11 10:09:51 error: "Error: Operation `events.insertOne()` buffering timed out after 10000ms"
2023-07-11 10:10:23 error: "Error: Operation `events.insertOne()` buffering timed out after 10000ms"
2023-07-11 10:11:13 error: "Error: Operation `events.insertOne()` buffering timed out after 10000ms"
2023-07-11 10:12:57 error: "Error: Operation `events.insertOne()` buffering timed out after 10000ms"
2023-07-11 10:24:42 error: "Error: Unexpected token O in JSON at position 0"
2023-07-11 13:57:55 error: "Error: Unexpected token O in JSON at position 0"
2023-07-24 09:38:25 error: "Error: Could not connect to any servers in your MongoDB Atlas cluster. One common reason is that you're trying to access the database from an IP that isn't whitelisted. Make sure your current IP address is on your Atlas cluster's IP whitelist: https://www.mongodb.com/docs/atlas/security-whitelist/"
2023-08-03 17:05:18 error: "Error: Could not connect to any servers in your MongoDB Atlas cluster. One common reason is that you're trying to access the database from an IP that isn't whitelisted. Make sure your current IP address is on your Atlas cluster's IP whitelist: https://www.mongodb.com/docs/atlas/security-whitelist/"
2023-08-03 17:26:36 error: "Error: Could not connect to any servers in your MongoDB Atlas cluster. One common reason is that you're trying to access the database from an IP that isn't whitelisted. Make sure your current IP address is on your Atlas cluster's IP whitelist: https://www.mongodb.com/docs/atlas/security-whitelist/"
